<?xml version="1.0" encoding="UTF-8"?>
<!-- Generated by org.testng.reporters.JUnitReportReporter -->
<testsuite hostname="Mazhar-PC" failures="0" tests="1" name="Scripts.TestCase2" time="20.651" errors="0" timestamp="2023-11-04T12:01:43 IST" skipped="0">
  <testcase classname="Scripts.TestCase2" name="tc2" time="20.651"/>
</testsuite> <!-- Scripts.TestCase2 -->
