<?xml version="1.0" encoding="UTF-8"?>
<!-- Generated by org.testng.reporters.JUnitReportReporter -->
<testsuite hostname="Mazhar-PC" failures="0" tests="1" name="Scripts.TestCase1" time="16.080" errors="0" timestamp="2023-11-04T11:59:11 IST" skipped="0">
  <testcase classname="Scripts.TestCase1" name="tc1" time="16.080"/>
</testsuite> <!-- Scripts.TestCase1 -->
